# JRE version: Java(TM) SE Runtime Environment (17.0.10+11) (build 17.0.10+11-LTS-240)
# Java VM: Java HotSpot(TM) 64-Bit Server VM (17.0.10+11-LTS-240, mixed mode, sharing, tiered, compressed oops, compressed class ptrs, g1 gc, windows-amd64)
GC Precious Log:
 CPUs: 4 total, 4 available
 Memory: 4011M
 Large Page Support: Disabled
 NUMA Support: Disabled
 Compressed Oops: Enabled (32-bit)
 Heap Region Size: 1M
 Heap Min Capacity: 8M
 Heap Initial Capacity: 64M
 Heap Max Capacity: 1004M
 Pre-touch: Disabled
 Parallel Workers: 4
 Concurrent Workers: 1
 Concurrent Refinement Workers: 4
 Periodic GC: Disabled
Heap:
 garbage-first heap   total 55296K, used 26714K [0x00000000c1400000, 0x0000000100000000)
  region size 1024K, 6 young (6144K), 2 survivors (2048K)
 Metaspace       used 50103K, committed 50560K, reserved 1114112K
  class space    used 6518K, committed 6720K, reserved 1048576K
GC Heap History (20 events):
Event: 2.097 GC heap before
{Heap before GC invocations=1 (full 0):
 garbage-first heap   total 65536K, used 16599K [0x00000000c1400000, 0x0000000100000000)
  region size 1024K, 13 young (13312K), 2 survivors (2048K)
 Metaspace       used 6193K, committed 6400K, reserved 1114112K
  class space    used 706K, committed 768K, reserved 1048576K
}
Event: 2.101 GC heap after
{Heap after GC invocations=2 (full 0):
 garbage-first heap   total 65536K, used 7576K [0x00000000c1400000, 0x0000000100000000)
  region size 1024K, 1 young (1024K), 1 survivors (1024K)
 Metaspace       used 6193K, committed 6400K, reserved 1114112K
  class space    used 706K, committed 768K, reserved 1048576K
}
Event: 3.506 GC heap before
{Heap before GC invocations=2 (full 0):
 garbage-first heap   total 65536K, used 28056K [0x00000000c1400000, 0x0000000100000000)
  region size 1024K, 22 young (22528K), 1 survivors (1024K)
 Metaspace       used 11658K, committed 11904K, reserved 1114112K
  class space    used 1391K, committed 1536K, reserved 1048576K
}
Event: 3.511 GC heap after
{Heap after GC invocations=3 (full 0):
 garbage-first heap   total 65536K, used 8939K [0x00000000c1400000, 0x0000000100000000)
  region size 1024K, 3 young (3072K), 3 survivors (3072K)
 Metaspace       used 11658K, committed 11904K, reserved 1114112K
  class space    used 1391K, committed 1536K, reserved 1048576K
}
Event: 4.401 GC heap before
{Heap before GC invocations=3 (full 0):
 garbage-first heap   total 65536K, used 37611K [0x00000000c1400000, 0x0000000100000000)
  region size 1024K, 32 young (32768K), 3 survivors (3072K)
 Metaspace       used 18012K, committed 18304K, reserved 1114112K
  class space    used 2214K, committed 2368K, reserved 1048576K
}
Event: 4.415 GC heap after
{Heap after GC invocations=4 (full 0):
 garbage-first heap   total 65536K, used 11949K [0x00000000c1400000, 0x0000000100000000)
  region size 1024K, 4 young (4096K), 4 survivors (4096K)
 Metaspace       used 18012K, committed 18304K, reserved 1114112K
  class space    used 2214K, committed 2368K, reserved 1048576K
}
Event: 5.854 GC heap before
{Heap before GC invocations=4 (full 0):
 garbage-first heap   total 65536K, used 40621K [0x00000000c1400000, 0x0000000100000000)
  region size 1024K, 33 young (33792K), 4 survivors (4096K)
 Metaspace       used 21246K, committed 21504K, reserved 1114112K
  class space    used 2606K, committed 2752K, reserved 1048576K
}
Event: 5.863 GC heap after
{Heap after GC invocations=5 (full 0):
 garbage-first heap   total 65536K, used 14389K [0x00000000c1400000, 0x0000000100000000)
  region size 1024K, 3 young (3072K), 3 survivors (3072K)
 Metaspace       used 21246K, committed 21504K, reserved 1114112K
  class space    used 2606K, committed 2752K, reserved 1048576K
}
Event: 7.625 GC heap before
{Heap before GC invocations=6 (full 0):
 garbage-first heap   total 55296K, used 44085K [0x00000000c1400000, 0x0000000100000000)
  region size 1024K, 32 young (32768K), 3 survivors (3072K)
 Metaspace       used 25896K, committed 26368K, reserved 1114112K
  class space    used 3346K, committed 3584K, reserved 1048576K
}
Event: 7.634 GC heap after
{Heap after GC invocations=7 (full 0):
 garbage-first heap   total 55296K, used 17119K [0x00000000c1400000, 0x0000000100000000)
  region size 1024K, 4 young (4096K), 4 survivors (4096K)
 Metaspace       used 25896K, committed 26368K, reserved 1114112K
  class space    used 3346K, committed 3584K, reserved 1048576K
}
Event: 10.231 GC heap before
{Heap before GC invocations=7 (full 0):
 garbage-first heap   total 55296K, used 39647K [0x00000000c1400000, 0x0000000100000000)
  region size 1024K, 26 young (26624K), 4 survivors (4096K)
 Metaspace       used 29433K, committed 29888K, reserved 1114112K
  class space    used 3777K, committed 3968K, reserved 1048576K
}
Event: 10.246 GC heap after
{Heap after GC invocations=8 (full 0):
 garbage-first heap   total 55296K, used 18866K [0x00000000c1400000, 0x0000000100000000)
  region size 1024K, 2 young (2048K), 2 survivors (2048K)
 Metaspace       used 29433K, committed 29888K, reserved 1114112K
  class space    used 3777K, committed 3968K, reserved 1048576K
}
Event: 11.758 GC heap before
{Heap before GC invocations=8 (full 0):
 garbage-first heap   total 55296K, used 40370K [0x00000000c1400000, 0x0000000100000000)
  region size 1024K, 23 young (23552K), 2 survivors (2048K)
 Metaspace       used 34941K, committed 35392K, reserved 1114112K
  class space    used 4622K, committed 4800K, reserved 1048576K
}
Event: 11.765 GC heap after
{Heap after GC invocations=9 (full 0):
 garbage-first heap   total 55296K, used 19585K [0x00000000c1400000, 0x0000000100000000)
  region size 1024K, 3 young (3072K), 3 survivors (3072K)
 Metaspace       used 34941K, committed 35392K, reserved 1114112K
  class space    used 4622K, committed 4800K, reserved 1048576K
}
Event: 11.891 GC heap before
{Heap before GC invocations=9 (full 0):
 garbage-first heap   total 55296K, used 21633K [0x00000000c1400000, 0x0000000100000000)
  region size 1024K, 6 young (6144K), 3 survivors (3072K)
 Metaspace       used 35531K, committed 35968K, reserved 1114112K
  class space    used 4725K, committed 4928K, reserved 1048576K
}
Event: 11.896 GC heap after
{Heap after GC invocations=10 (full 0):
 garbage-first heap   total 55296K, used 19965K [0x00000000c1400000, 0x0000000100000000)
  region size 1024K, 2 young (2048K), 2 survivors (2048K)
 Metaspace       used 35531K, committed 35968K, reserved 1114112K
  class space    used 4725K, committed 4928K, reserved 1048576K
}
Event: 13.844 GC heap before
{Heap before GC invocations=11 (full 0):
 garbage-first heap   total 55296K, used 40445K [0x00000000c1400000, 0x0000000100000000)
  region size 1024K, 23 young (23552K), 2 survivors (2048K)
 Metaspace       used 44397K, committed 44864K, reserved 1114112K
  class space    used 5806K, committed 6016K, reserved 1048576K
}
Event: 13.854 GC heap after
{Heap after GC invocations=12 (full 0):
 garbage-first heap   total 55296K, used 22319K [0x00000000c1400000, 0x0000000100000000)
  region size 1024K, 3 young (3072K), 3 survivors (3072K)
 Metaspace       used 44397K, committed 44864K, reserved 1114112K
  class space    used 5806K, committed 6016K, reserved 1048576K
}
Event: 14.650 GC heap before
{Heap before GC invocations=12 (full 0):
 garbage-first heap   total 55296K, used 40751K [0x00000000c1400000, 0x0000000100000000)
  region size 1024K, 22 young (22528K), 3 survivors (3072K)
 Metaspace       used 48859K, committed 49344K, reserved 1114112K
  class space    used 6368K, committed 6592K, reserved 1048576K
}
Event: 14.659 GC heap after
{Heap after GC invocations=13 (full 0):
 garbage-first heap   total 55296K, used 23642K [0x00000000c1400000, 0x0000000100000000)
  region size 1024K, 2 young (2048K), 2 survivors (2048K)
 Metaspace       used 48859K, committed 49344K, reserved 1114112K
  class space    used 6368K, committed 6592K, reserved 1048576K
}

